<testsuite failures="0" name="karate/request/Profile/FollowUser/follow.feature" skipped="0" tests="1" time="1.273425">
  <testcase classname="karate.request.Profile.FollowUser.follow" name="Follow A user using POST" time="1.273425">
    <system-out>* url url ................................................................. passed
* def CreateFollow = { "username": "#(username)","email": "#(email)","password": "#(password)" } . passed
* print token ............................................................. passed
Given header Authorization = 'Bearer '+ token ............................. passed
Given path 'profiles','username','follow' ................................. passed
And request CreateFollow .................................................. passed
When method POST .......................................................... passed
Then status 500 ........................................................... passed</system-out>
  </testcase>
</testsuite>
