<testsuite failures="0" name="karate/request/UserAuthentication/Register/register.feature" skipped="0" tests="1" time="0.597403">
  <testcase classname="karate.request.UserAuthentication.Register.register" name="Register a user Post Method" time="0.597403">
    <system-out>* url url ................................................................. passed
* def CreateUser = { "username": "#(username)","email": "#(email)","password": "#(password)"} . passed
Given path 'users' ........................................................ passed
And request CreateUser .................................................... passed
When method POST .......................................................... passed
Then status 500 ........................................................... passed</system-out>
  </testcase>
</testsuite>
